# JRE version: Java(TM) SE Runtime Environment (25.0.1+8) (build 25.0.1+8-LTS-27)
# Java VM: Java HotSpot(TM) 64-Bit Server VM (25.0.1+8-LTS-27, mixed mode, sharing, tiered, compressed oops, compressed class ptrs, g1 gc, windows-amd64)
GC Precious Log:
 CardTable entry size: 512
 Card Set container configuration: InlinePtr #cards 5 size 8 Array Of Cards #cards 10 size 36 Howl #buckets 4 coarsen threshold 1843 Howl Bitmap #cards 512 size 80 coarsen threshold 460 Card regions per heap region 1 cards per card region 2048
 CPUs: 8 total, 8 available
 Memory: 7835M
 Large Page Support: Disabled
 NUMA Support: Disabled
 Compressed Oops: Enabled (32-bit)
 Heap Region Size: 1M
 Heap Min Capacity: 8M
 Heap Initial Capacity: 124M
 Heap Max Capacity: 1960M
 Pre-touch: Disabled
 Parallel Workers: 8
 Concurrent Workers: 2
 Concurrent Refinement Workers: 8
 Periodic GC: Disabled
Heap:
 garbage-first heap   total reserved 2007040K, committed 58368K, used 47902K [0x0000000085800000, 0x0000000100000000)
  region size 1024K, 25 young (25600K), 2 survivors (2048K)
GC Heap Usage History (10 events):
Event: 1.080 {heap Before GC invocations=0 (full 0):
 garbage-first heap   total reserved 2007040K, committed 129024K, used 49301K [0x0000000085800000, 0x0000000100000000)
  region size 1024K, 47 young (48128K), 0 survivors (0K)
}
Event: 1.087 {heap After GC invocations=1 (full 0):
 garbage-first heap   total reserved 2007040K, committed 129024K, used 5789K [0x0000000085800000, 0x0000000100000000)
  region size 1024K, 5 young (5120K), 5 survivors (5120K)
}
Event: 27.779 {heap Before GC invocations=1 (full 0):
 garbage-first heap   total reserved 2007040K, committed 129024K, used 61085K [0x0000000085800000, 0x0000000100000000)
  region size 1024K, 59 young (60416K), 5 survivors (5120K)
}
Event: 27.787 {heap After GC invocations=2 (full 0):
 garbage-first heap   total reserved 2007040K, committed 129024K, used 10825K [0x0000000085800000, 0x0000000100000000)
  region size 1024K, 6 young (6144K), 6 survivors (6144K)
}
Event: 28.089 {heap Before GC invocations=2 (full 0):
 garbage-first heap   total reserved 2007040K, committed 129024K, used 24137K [0x0000000085800000, 0x0000000100000000)
  region size 1024K, 20 young (20480K), 6 survivors (6144K)
}
Event: 28.100 {heap After GC invocations=3 (full 0):
 garbage-first heap   total reserved 2007040K, committed 129024K, used 13153K [0x0000000085800000, 0x0000000100000000)
  region size 1024K, 3 young (3072K), 3 survivors (3072K)
}
Event: 35.784 {heap Before GC invocations=4 (full 0):
 garbage-first heap   total reserved 2007040K, committed 51200K, used 47969K [0x0000000085800000, 0x0000000100000000)
  region size 1024K, 36 young (36864K), 3 survivors (3072K)
}
Event: 35.789 {heap After GC invocations=5 (full 0):
 garbage-first heap   total reserved 2007040K, committed 58368K, used 19618K [0x0000000085800000, 0x0000000100000000)
  region size 1024K, 7 young (7168K), 7 survivors (7168K)
}
Event: 36.108 {heap Before GC invocations=5 (full 0):
 garbage-first heap   total reserved 2007040K, committed 58368K, used 41122K [0x0000000085800000, 0x0000000100000000)
  region size 1024K, 29 young (29696K), 7 survivors (7168K)
}
Event: 36.112 {heap After GC invocations=6 (full 0):
 garbage-first heap   total reserved 2007040K, committed 58368K, used 21278K [0x0000000085800000, 0x0000000100000000)
  region size 1024K, 2 young (2048K), 2 survivors (2048K)
}

